<?xml version="1.0" encoding="UTF-8"?>
<!-- Generated by org.testng.reporters.JUnitXMLReporter -->
<testsuite ignored="0" hostname="LAPTOP-PQ9GH8V5" failures="1" tests="2" name="Test" time="0.062" errors="0" timestamp="2021-03-07T10:15:30 IST">
  <testcase classname="TestNg.LoginTest" name="bankLogin" time="0.013">
    <failure type="java.lang.AssertionError" message="expected [Reddy] but found [Anush]">
      <![CDATA[java.lang.AssertionError: expected [Reddy] but found [Anush]
at TestNg.LoginTest.bankLogin(LoginTest.java:17)
at java.base/java.util.ArrayList.forEach(ArrayList.java:1510)
... Removed 32 stack frames]]>
    </failure>
  </testcase> <!-- bankLogin -->
  <testcase classname="TestNg.LoginTest" name="fbLogin" time="0.002"/>
</testsuite> <!-- Test -->
